<?xml version="1.0" encoding="UTF-8"?>
<testsuite xmlns:xsi="http://www.w3.org/2001/XMLSchema-instance" xsi:noNamespaceSchemaLocation="https://maven.apache.org/surefire/maven-surefire-plugin/xsd/surefire-test-report.xsd" name="com.mulesoft.training.HelloMavenTest" time="2.464" tests="1" errors="0" skipped="0" failures="0">
  <properties>
    <property name="java.runtime.name" value="Java(TM) SE Runtime Environment"/>
    <property name="sun.boot.library.path" value="/Library/Java/JavaVirtualMachines/jdk1.8.0_77.jdk/Contents/Home/jre/lib"/>
    <property name="java.vm.version" value="25.77-b03"/>
    <property name="gopherProxySet" value="false"/>
    <property name="java.vm.vendor" value="Oracle Corporation"/>
    <property name="maven.multiModuleProjectDirectory" value="/Users/dbrady/AnypointStudio3.8/workspace/maven-project"/>
    <property name="java.vendor.url" value="http://java.oracle.com/"/>
    <property name="path.separator" value=":"/>
    <property name="guice.disable.misplaced.annotation.check" value="true"/>
    <property name="java.vm.name" value="Java HotSpot(TM) 64-Bit Server VM"/>
    <property name="file.encoding.pkg" value="sun.io"/>
    <property name="user.country" value="US"/>
    <property name="sun.java.launcher" value="SUN_STANDARD"/>
    <property name="sun.os.patch.level" value="unknown"/>
    <property name="java.vm.specification.name" value="Java Virtual Machine Specification"/>
    <property name="user.dir" value="/Users/dbrady/AnypointStudio3.8/workspace/maven-project"/>
    <property name="java.runtime.version" value="1.8.0_77-b03"/>
    <property name="java.awt.graphicsenv" value="sun.awt.CGraphicsEnvironment"/>
    <property name="java.endorsed.dirs" value="/Library/Java/JavaVirtualMachines/jdk1.8.0_77.jdk/Contents/Home/jre/lib/endorsed"/>
    <property name="os.arch" value="x86_64"/>
    <property name="java.io.tmpdir" value="/var/folders/wr/8yz22v7j36vdjtmnskmgkf7xl13vw8/T/"/>
    <property name="line.separator" value="&#10;"/>
    <property name="java.vm.specification.vendor" value="Oracle Corporation"/>
    <property name="os.name" value="Mac OS X"/>
    <property name="classworlds.conf" value="/usr/local/Cellar/maven/3.3.9/libexec/bin/m2.conf"/>
    <property name="sun.jnu.encoding" value="UTF-8"/>
    <property name="java.library.path" value="/Users/dbrady/Library/Java/Extensions:/Library/Java/Extensions:/Network/Library/Java/Extensions:/System/Library/Java/Extensions:/usr/lib/java:."/>
    <property name="java.specification.name" value="Java Platform API Specification"/>
    <property name="java.class.version" value="52.0"/>
    <property name="sun.management.compiler" value="HotSpot 64-Bit Tiered Compilers"/>
    <property name="os.version" value="10.12.4"/>
    <property name="http.nonProxyHosts" value="www.spectrainfinet.com|*.www.spectrainfinet.com|irisslfp.infores.com|*.irisslfp.infores.com|cpgn.infores.com|*.cpgn.infores.com|ejgallo.com|*.ejgallo.com|network.local|*.network.local|octanner.com|*.octanner.com|12.38.79.14|etxprod.intuit.com|*.etxprod.intuit.com|fxtransact.com|*.fxtransact.com|agcode.biz|*.agcode.biz|fas109.com|*.fas109.com|ewinerysolutions.com|*.ewinerysolutions.com|mulesoft.org|*.mulesoft.org|ssl2.vitalps.net|*.ssl2.vitalps.net|g3proof.com|*.g3proof.com|ssl.hphighfield.com|*.ssl.hphighfield.com|g-3enterprises.com|*.g-3enterprises.com|g3enterprises.com|*.g3enterprises.com|hrsjobs.gallo.com|*.hrsjobs.gallo.com|galloevents.com|*.galloevents.com|winerack.cellardocs.com|*.winerack.cellardocs.com|ejgallo.com|*.ejgallo.com|casper|*.casper"/>
    <property name="user.home" value="/Users/dbrady"/>
    <property name="user.timezone" value="US/Pacific"/>
    <property name="java.awt.printerjob" value="sun.lwawt.macosx.CPrinterJob"/>
    <property name="java.specification.version" value="1.8"/>
    <property name="file.encoding" value="UTF-8"/>
    <property name="user.name" value="dbrady"/>
    <property name="java.class.path" value="/usr/local/Cellar/maven/3.3.9/libexec/boot/plexus-classworlds-2.5.2.jar"/>
    <property name="java.vm.specification.version" value="1.8"/>
    <property name="sun.arch.data.model" value="64"/>
    <property name="java.home" value="/Library/Java/JavaVirtualMachines/jdk1.8.0_77.jdk/Contents/Home/jre"/>
    <property name="sun.java.command" value="org.codehaus.plexus.classworlds.launcher.Launcher clean test"/>
    <property name="java.specification.vendor" value="Oracle Corporation"/>
    <property name="user.language" value="en"/>
    <property name="awt.toolkit" value="sun.lwawt.macosx.LWCToolkit"/>
    <property name="java.vm.info" value="mixed mode"/>
    <property name="java.version" value="1.8.0_77"/>
    <property name="java.ext.dirs" value="/Users/dbrady/Library/Java/Extensions:/Library/Java/JavaVirtualMachines/jdk1.8.0_77.jdk/Contents/Home/jre/lib/ext:/Library/Java/Extensions:/Network/Library/Java/Extensions:/System/Library/Java/Extensions:/usr/lib/java"/>
    <property name="sun.boot.class.path" value="/Library/Java/JavaVirtualMachines/jdk1.8.0_77.jdk/Contents/Home/jre/lib/resources.jar:/Library/Java/JavaVirtualMachines/jdk1.8.0_77.jdk/Contents/Home/jre/lib/rt.jar:/Library/Java/JavaVirtualMachines/jdk1.8.0_77.jdk/Contents/Home/jre/lib/sunrsasign.jar:/Library/Java/JavaVirtualMachines/jdk1.8.0_77.jdk/Contents/Home/jre/lib/jsse.jar:/Library/Java/JavaVirtualMachines/jdk1.8.0_77.jdk/Contents/Home/jre/lib/jce.jar:/Library/Java/JavaVirtualMachines/jdk1.8.0_77.jdk/Contents/Home/jre/lib/charsets.jar:/Library/Java/JavaVirtualMachines/jdk1.8.0_77.jdk/Contents/Home/jre/lib/jfr.jar:/Library/Java/JavaVirtualMachines/jdk1.8.0_77.jdk/Contents/Home/jre/classes"/>
    <property name="java.vendor" value="Oracle Corporation"/>
    <property name="maven.home" value="/usr/local/Cellar/maven/3.3.9/libexec"/>
    <property name="file.separator" value="/"/>
    <property name="java.vendor.url.bug" value="http://bugreport.sun.com/bugreport/"/>
    <property name="sun.cpu.endian" value="little"/>
    <property name="sun.io.unicode.encoding" value="UnicodeBig"/>
    <property name="socksNonProxyHosts" value="www.spectrainfinet.com|*.www.spectrainfinet.com|irisslfp.infores.com|*.irisslfp.infores.com|cpgn.infores.com|*.cpgn.infores.com|ejgallo.com|*.ejgallo.com|network.local|*.network.local|octanner.com|*.octanner.com|12.38.79.14|etxprod.intuit.com|*.etxprod.intuit.com|fxtransact.com|*.fxtransact.com|agcode.biz|*.agcode.biz|fas109.com|*.fas109.com|ewinerysolutions.com|*.ewinerysolutions.com|mulesoft.org|*.mulesoft.org|ssl2.vitalps.net|*.ssl2.vitalps.net|g3proof.com|*.g3proof.com|ssl.hphighfield.com|*.ssl.hphighfield.com|g-3enterprises.com|*.g-3enterprises.com|g3enterprises.com|*.g3enterprises.com|hrsjobs.gallo.com|*.hrsjobs.gallo.com|galloevents.com|*.galloevents.com|winerack.cellardocs.com|*.winerack.cellardocs.com|ejgallo.com|*.ejgallo.com|casper|*.casper"/>
    <property name="ftp.nonProxyHosts" value="www.spectrainfinet.com|*.www.spectrainfinet.com|irisslfp.infores.com|*.irisslfp.infores.com|cpgn.infores.com|*.cpgn.infores.com|ejgallo.com|*.ejgallo.com|network.local|*.network.local|octanner.com|*.octanner.com|12.38.79.14|etxprod.intuit.com|*.etxprod.intuit.com|fxtransact.com|*.fxtransact.com|agcode.biz|*.agcode.biz|fas109.com|*.fas109.com|ewinerysolutions.com|*.ewinerysolutions.com|mulesoft.org|*.mulesoft.org|ssl2.vitalps.net|*.ssl2.vitalps.net|g3proof.com|*.g3proof.com|ssl.hphighfield.com|*.ssl.hphighfield.com|g-3enterprises.com|*.g-3enterprises.com|g3enterprises.com|*.g3enterprises.com|hrsjobs.gallo.com|*.hrsjobs.gallo.com|galloevents.com|*.galloevents.com|winerack.cellardocs.com|*.winerack.cellardocs.com|ejgallo.com|*.ejgallo.com|casper|*.casper"/>
    <property name="sun.cpu.isalist" value=""/>
  </properties>
  <testcase name="mavenFlowReturnsHelloMaven" classname="com.mulesoft.training.HelloMavenTest" time="2.1"/>
</testsuite>